{"/home/wayne/Documents/node_scripts/vidly/index.js": {"path":"/home/wayne/Documents/node_scripts/vidly/index.js","statementMap":{"0":{"start":{"line":1,"column":16},"end":{"line":1,"column":34}},"1":{"start":{"line":2,"column":16},"end":{"line":2,"column":34}},"2":{"start":{"line":3,"column":12},"end":{"line":3,"column":21}},"3":{"start":{"line":5,"column":0},"end":{"line":5,"column":31}},"4":{"start":{"line":6,"column":0},"end":{"line":6,"column":33}},"5":{"start":{"line":7,"column":0},"end":{"line":7,"column":26}},"6":{"start":{"line":8,"column":0},"end":{"line":8,"column":30}},"7":{"start":{"line":9,"column":0},"end":{"line":9,"column":34}},"8":{"start":{"line":11,"column":13},"end":{"line":11,"column":37}},"9":{"start":{"line":12,"column":15},"end":{"line":12,"column":83}},"10":{"start":{"line":12,"column":38},"end":{"line":12,"column":82}},"11":{"start":{"line":14,"column":0},"end":{"line":14,"column":24}}},"fnMap":{"0":{"name":"(anonymous_0)","decl":{"start":{"line":12,"column":32},"end":{"line":12,"column":33}},"loc":{"start":{"line":12,"column":38},"end":{"line":12,"column":82}},"line":12}},"branchMap":{"0":{"loc":{"start":{"line":11,"column":13},"end":{"line":11,"column":37}},"type":"binary-expr","locations":[{"start":{"line":11,"column":13},"end":{"line":11,"column":29}},{"start":{"line":11,"column":33},"end":{"line":11,"column":37}}],"line":11}},"s":{"0":2,"1":2,"2":2,"3":2,"4":2,"5":2,"6":2,"7":2,"8":2,"9":2,"10":2,"11":2},"f":{"0":2},"b":{"0":[2,2]},"_coverageSchema":"1a1c01bbd47fc00a2c39e90264f33305004495a9","hash":"817b18fa43fed80853ffa9c80c930a83f31d7577"}
,"/home/wayne/Documents/node_scripts/vidly/middleware/admin.js": {"path":"/home/wayne/Documents/node_scripts/vidly/middleware/admin.js","statementMap":{"0":{"start":{"line":2,"column":0},"end":{"line":9,"column":3}},"1":{"start":{"line":6,"column":4},"end":{"line":6,"column":73}},"2":{"start":{"line":6,"column":27},"end":{"line":6,"column":73}},"3":{"start":{"line":8,"column":4},"end":{"line":8,"column":11}}},"fnMap":{"0":{"name":"(anonymous_0)","decl":{"start":{"line":2,"column":17},"end":{"line":2,"column":18}},"loc":{"start":{"line":2,"column":43},"end":{"line":9,"column":3}},"line":2}},"branchMap":{"0":{"loc":{"start":{"line":6,"column":4},"end":{"line":6,"column":73}},"type":"if","locations":[{"start":{"line":6,"column":4},"end":{"line":6,"column":73}},{"start":{"line":6,"column":4},"end":{"line":6,"column":73}}],"line":6}},"s":{"0":2,"1":5,"2":1,"3":4},"f":{"0":5},"b":{"0":[1,4]},"_coverageSchema":"1a1c01bbd47fc00a2c39e90264f33305004495a9","hash":"bd9ab05175118f8a71bf456ddea437983af5cf1f"}
,"/home/wayne/Documents/node_scripts/vidly/middleware/auth.js": {"path":"/home/wayne/Documents/node_scripts/vidly/middleware/auth.js","statementMap":{"0":{"start":{"line":1,"column":12},"end":{"line":1,"column":35}},"1":{"start":{"line":2,"column":15},"end":{"line":2,"column":32}},"2":{"start":{"line":4,"column":0},"end":{"line":16,"column":1}},"3":{"start":{"line":5,"column":16},"end":{"line":5,"column":42}},"4":{"start":{"line":6,"column":2},"end":{"line":6,"column":79}},"5":{"start":{"line":6,"column":14},"end":{"line":6,"column":79}},"6":{"start":{"line":8,"column":2},"end":{"line":15,"column":3}},"7":{"start":{"line":9,"column":20},"end":{"line":9,"column":66}},"8":{"start":{"line":10,"column":4},"end":{"line":10,"column":23}},"9":{"start":{"line":11,"column":4},"end":{"line":11,"column":11}},"10":{"start":{"line":14,"column":4},"end":{"line":14,"column":43}}},"fnMap":{"0":{"name":"(anonymous_0)","decl":{"start":{"line":4,"column":17},"end":{"line":4,"column":18}},"loc":{"start":{"line":4,"column":43},"end":{"line":16,"column":1}},"line":4}},"branchMap":{"0":{"loc":{"start":{"line":6,"column":2},"end":{"line":6,"column":79}},"type":"if","locations":[{"start":{"line":6,"column":2},"end":{"line":6,"column":79}},{"start":{"line":6,"column":2},"end":{"line":6,"column":79}}],"line":6}},"s":{"0":3,"1":3,"2":3,"3":14,"4":14,"5":3,"6":11,"7":11,"8":10,"9":10,"10":1},"f":{"0":14},"b":{"0":[3,11]},"_coverageSchema":"1a1c01bbd47fc00a2c39e90264f33305004495a9","hash":"f72b3902abc7d05655ba0f2a5b4e5fa36e045ab3"}
,"/home/wayne/Documents/node_scripts/vidly/middleware/error.js": {"path":"/home/wayne/Documents/node_scripts/vidly/middleware/error.js","statementMap":{"0":{"start":{"line":1,"column":16},"end":{"line":1,"column":34}},"1":{"start":{"line":3,"column":0},"end":{"line":14,"column":1}},"2":{"start":{"line":4,"column":2},"end":{"line":4,"column":34}},"3":{"start":{"line":13,"column":2},"end":{"line":13,"column":44}}},"fnMap":{"0":{"name":"(anonymous_0)","decl":{"start":{"line":3,"column":17},"end":{"line":3,"column":18}},"loc":{"start":{"line":3,"column":46},"end":{"line":14,"column":1}},"line":3}},"branchMap":{},"s":{"0":2,"1":2,"2":2,"3":2},"f":{"0":2},"b":{},"_coverageSchema":"1a1c01bbd47fc00a2c39e90264f33305004495a9","hash":"d111a0928cc7921bade64753412afd788b692bd2"}
,"/home/wayne/Documents/node_scripts/vidly/middleware/validateObjectId.js": {"path":"/home/wayne/Documents/node_scripts/vidly/middleware/validateObjectId.js","statementMap":{"0":{"start":{"line":1,"column":17},"end":{"line":1,"column":36}},"1":{"start":{"line":3,"column":0},"end":{"line":7,"column":1}},"2":{"start":{"line":4,"column":4},"end":{"line":5,"column":51}},"3":{"start":{"line":5,"column":8},"end":{"line":5,"column":51}},"4":{"start":{"line":6,"column":4},"end":{"line":6,"column":11}}},"fnMap":{"0":{"name":"(anonymous_0)","decl":{"start":{"line":3,"column":17},"end":{"line":3,"column":18}},"loc":{"start":{"line":3,"column":41},"end":{"line":7,"column":1}},"line":3}},"branchMap":{"0":{"loc":{"start":{"line":4,"column":4},"end":{"line":5,"column":51}},"type":"if","locations":[{"start":{"line":4,"column":4},"end":{"line":5,"column":51}},{"start":{"line":4,"column":4},"end":{"line":5,"column":51}}],"line":4}},"s":{"0":2,"1":2,"2":3,"3":1,"4":2},"f":{"0":3},"b":{"0":[1,2]},"_coverageSchema":"1a1c01bbd47fc00a2c39e90264f33305004495a9","hash":"3db974b792062d3b8bd6fd3859315974a190e9ab"}
,"/home/wayne/Documents/node_scripts/vidly/models/customer.js": {"path":"/home/wayne/Documents/node_scripts/vidly/models/customer.js","statementMap":{"0":{"start":{"line":1,"column":12},"end":{"line":1,"column":26}},"1":{"start":{"line":2,"column":17},"end":{"line":2,"column":36}},"2":{"start":{"line":4,"column":17},"end":{"line":21,"column":3}},"3":{"start":{"line":24,"column":17},"end":{"line":28,"column":3}},"4":{"start":{"line":30,"column":2},"end":{"line":30,"column":40}},"5":{"start":{"line":33,"column":0},"end":{"line":33,"column":28}},"6":{"start":{"line":34,"column":0},"end":{"line":34,"column":36}}},"fnMap":{"0":{"name":"validateCustomer","decl":{"start":{"line":23,"column":9},"end":{"line":23,"column":25}},"loc":{"start":{"line":23,"column":36},"end":{"line":31,"column":1}},"line":23}},"branchMap":{},"s":{"0":2,"1":2,"2":2,"3":0,"4":0,"5":2,"6":2},"f":{"0":0},"b":{},"_coverageSchema":"1a1c01bbd47fc00a2c39e90264f33305004495a9","hash":"a6aee8b0b01bb9de64233458f2715f8e6da85d1f"}
,"/home/wayne/Documents/node_scripts/vidly/models/genre.js": {"path":"/home/wayne/Documents/node_scripts/vidly/models/genre.js","statementMap":{"0":{"start":{"line":1,"column":12},"end":{"line":1,"column":26}},"1":{"start":{"line":2,"column":17},"end":{"line":2,"column":36}},"2":{"start":{"line":4,"column":20},"end":{"line":11,"column":2}},"3":{"start":{"line":13,"column":14},"end":{"line":13,"column":50}},"4":{"start":{"line":16,"column":17},"end":{"line":18,"column":3}},"5":{"start":{"line":20,"column":2},"end":{"line":20,"column":37}},"6":{"start":{"line":23,"column":0},"end":{"line":23,"column":34}},"7":{"start":{"line":24,"column":0},"end":{"line":24,"column":22}},"8":{"start":{"line":25,"column":0},"end":{"line":25,"column":33}}},"fnMap":{"0":{"name":"validateGenre","decl":{"start":{"line":15,"column":9},"end":{"line":15,"column":22}},"loc":{"start":{"line":15,"column":30},"end":{"line":21,"column":1}},"line":15}},"branchMap":{},"s":{"0":2,"1":2,"2":2,"3":2,"4":11,"5":11,"6":2,"7":2,"8":2},"f":{"0":11},"b":{},"_coverageSchema":"1a1c01bbd47fc00a2c39e90264f33305004495a9","hash":"c4b2b84fb32774b5e214b90706df4eeebac6b7ee"}
,"/home/wayne/Documents/node_scripts/vidly/models/movie.js": {"path":"/home/wayne/Documents/node_scripts/vidly/models/movie.js","statementMap":{"0":{"start":{"line":2,"column":12},"end":{"line":2,"column":26}},"1":{"start":{"line":3,"column":17},"end":{"line":3,"column":36}},"2":{"start":{"line":4,"column":22},"end":{"line":4,"column":40}},"3":{"start":{"line":6,"column":14},"end":{"line":30,"column":3}},"4":{"start":{"line":33,"column":17},"end":{"line":38,"column":3}},"5":{"start":{"line":40,"column":2},"end":{"line":40,"column":37}},"6":{"start":{"line":43,"column":0},"end":{"line":43,"column":22}},"7":{"start":{"line":44,"column":0},"end":{"line":44,"column":33}}},"fnMap":{"0":{"name":"validateMovie","decl":{"start":{"line":32,"column":9},"end":{"line":32,"column":22}},"loc":{"start":{"line":32,"column":30},"end":{"line":41,"column":1}},"line":32}},"branchMap":{},"s":{"0":2,"1":2,"2":2,"3":2,"4":0,"5":0,"6":2,"7":2},"f":{"0":0},"b":{},"_coverageSchema":"1a1c01bbd47fc00a2c39e90264f33305004495a9","hash":"de58cb27e4fc13868f8c08445715c1b2f3274cfa"}
,"/home/wayne/Documents/node_scripts/vidly/models/rental.js": {"path":"/home/wayne/Documents/node_scripts/vidly/models/rental.js","statementMap":{"0":{"start":{"line":2,"column":12},"end":{"line":2,"column":26}},"1":{"start":{"line":3,"column":17},"end":{"line":3,"column":36}},"2":{"start":{"line":5,"column":15},"end":{"line":57,"column":3}},"3":{"start":{"line":60,"column":17},"end":{"line":63,"column":3}},"4":{"start":{"line":65,"column":2},"end":{"line":65,"column":38}},"5":{"start":{"line":68,"column":0},"end":{"line":68,"column":24}},"6":{"start":{"line":69,"column":0},"end":{"line":69,"column":34}}},"fnMap":{"0":{"name":"validateRental","decl":{"start":{"line":59,"column":9},"end":{"line":59,"column":23}},"loc":{"start":{"line":59,"column":32},"end":{"line":66,"column":1}},"line":59}},"branchMap":{},"s":{"0":2,"1":2,"2":2,"3":0,"4":0,"5":2,"6":2},"f":{"0":0},"b":{},"_coverageSchema":"1a1c01bbd47fc00a2c39e90264f33305004495a9","hash":"dc52ec55dbccbde7bddd8f006b01f28a2aaf73c8"}
,"/home/wayne/Documents/node_scripts/vidly/models/user.js": {"path":"/home/wayne/Documents/node_scripts/vidly/models/user.js","statementMap":{"0":{"start":{"line":1,"column":12},"end":{"line":1,"column":35}},"1":{"start":{"line":2,"column":15},"end":{"line":2,"column":32}},"2":{"start":{"line":3,"column":12},"end":{"line":3,"column":26}},"3":{"start":{"line":4,"column":17},"end":{"line":4,"column":36}},"4":{"start":{"line":6,"column":19},"end":{"line":27,"column":2}},"5":{"start":{"line":30,"column":0},"end":{"line":33,"column":1}},"6":{"start":{"line":31,"column":16},"end":{"line":31,"column":95}},"7":{"start":{"line":32,"column":2},"end":{"line":32,"column":15}},"8":{"start":{"line":35,"column":13},"end":{"line":35,"column":46}},"9":{"start":{"line":38,"column":17},"end":{"line":42,"column":3}},"10":{"start":{"line":44,"column":2},"end":{"line":44,"column":36}},"11":{"start":{"line":47,"column":0},"end":{"line":47,"column":20}},"12":{"start":{"line":48,"column":0},"end":{"line":48,"column":32}}},"fnMap":{"0":{"name":"(anonymous_0)","decl":{"start":{"line":30,"column":39},"end":{"line":30,"column":40}},"loc":{"start":{"line":30,"column":50},"end":{"line":33,"column":1}},"line":30},"1":{"name":"validateUser","decl":{"start":{"line":37,"column":9},"end":{"line":37,"column":21}},"loc":{"start":{"line":37,"column":28},"end":{"line":45,"column":1}},"line":37}},"branchMap":{},"s":{"0":4,"1":4,"2":4,"3":4,"4":4,"5":4,"6":23,"7":23,"8":4,"9":0,"10":0,"11":4,"12":4},"f":{"0":23,"1":0},"b":{},"_coverageSchema":"1a1c01bbd47fc00a2c39e90264f33305004495a9","hash":"4a28b4d1f1751e522eb0fffde407a1b1e2363b0b"}
,"/home/wayne/Documents/node_scripts/vidly/routes/auth.js": {"path":"/home/wayne/Documents/node_scripts/vidly/routes/auth.js","statementMap":{"0":{"start":{"line":1,"column":12},"end":{"line":1,"column":26}},"1":{"start":{"line":2,"column":15},"end":{"line":2,"column":32}},"2":{"start":{"line":3,"column":10},"end":{"line":3,"column":27}},"3":{"start":{"line":4,"column":15},"end":{"line":4,"column":40}},"4":{"start":{"line":5,"column":17},"end":{"line":5,"column":36}},"5":{"start":{"line":6,"column":16},"end":{"line":6,"column":34}},"6":{"start":{"line":7,"column":15},"end":{"line":7,"column":31}},"7":{"start":{"line":9,"column":0},"end":{"line":21,"column":3}},"8":{"start":{"line":10,"column":20},"end":{"line":10,"column":38}},"9":{"start":{"line":11,"column":2},"end":{"line":11,"column":67}},"10":{"start":{"line":11,"column":13},"end":{"line":11,"column":67}},"11":{"start":{"line":13,"column":13},"end":{"line":13,"column":58}},"12":{"start":{"line":14,"column":2},"end":{"line":14,"column":71}},"13":{"start":{"line":14,"column":13},"end":{"line":14,"column":71}},"14":{"start":{"line":16,"column":24},"end":{"line":16,"column":78}},"15":{"start":{"line":17,"column":2},"end":{"line":17,"column":80}},"16":{"start":{"line":17,"column":22},"end":{"line":17,"column":80}},"17":{"start":{"line":19,"column":16},"end":{"line":19,"column":40}},"18":{"start":{"line":20,"column":2},"end":{"line":20,"column":18}},"19":{"start":{"line":24,"column":17},"end":{"line":27,"column":3}},"20":{"start":{"line":29,"column":2},"end":{"line":29,"column":35}},"21":{"start":{"line":32,"column":0},"end":{"line":32,"column":24}}},"fnMap":{"0":{"name":"(anonymous_0)","decl":{"start":{"line":9,"column":17},"end":{"line":9,"column":18}},"loc":{"start":{"line":9,"column":37},"end":{"line":21,"column":1}},"line":9},"1":{"name":"validate","decl":{"start":{"line":23,"column":9},"end":{"line":23,"column":17}},"loc":{"start":{"line":23,"column":23},"end":{"line":30,"column":1}},"line":23}},"branchMap":{"0":{"loc":{"start":{"line":11,"column":2},"end":{"line":11,"column":67}},"type":"if","locations":[{"start":{"line":11,"column":2},"end":{"line":11,"column":67}},{"start":{"line":11,"column":2},"end":{"line":11,"column":67}}],"line":11},"1":{"loc":{"start":{"line":14,"column":2},"end":{"line":14,"column":71}},"type":"if","locations":[{"start":{"line":14,"column":2},"end":{"line":14,"column":71}},{"start":{"line":14,"column":2},"end":{"line":14,"column":71}}],"line":14},"2":{"loc":{"start":{"line":17,"column":2},"end":{"line":17,"column":80}},"type":"if","locations":[{"start":{"line":17,"column":2},"end":{"line":17,"column":80}},{"start":{"line":17,"column":2},"end":{"line":17,"column":80}}],"line":17}},"s":{"0":2,"1":2,"2":2,"3":2,"4":2,"5":2,"6":2,"7":2,"8":0,"9":0,"10":0,"11":0,"12":0,"13":0,"14":0,"15":0,"16":0,"17":0,"18":0,"19":0,"20":0,"21":2},"f":{"0":0,"1":0},"b":{"0":[0,0],"1":[0,0],"2":[0,0]},"_coverageSchema":"1a1c01bbd47fc00a2c39e90264f33305004495a9","hash":"0e349690d0f4ebd47c9980ead700bbaff32399ed"}
,"/home/wayne/Documents/node_scripts/vidly/routes/customers.js": {"path":"/home/wayne/Documents/node_scripts/vidly/routes/customers.js","statementMap":{"0":{"start":{"line":1,"column":13},"end":{"line":1,"column":42}},"1":{"start":{"line":2,"column":29},"end":{"line":2,"column":58}},"2":{"start":{"line":3,"column":17},"end":{"line":3,"column":36}},"3":{"start":{"line":4,"column":16},"end":{"line":4,"column":34}},"4":{"start":{"line":5,"column":15},"end":{"line":5,"column":31}},"5":{"start":{"line":7,"column":0},"end":{"line":10,"column":3}},"6":{"start":{"line":8,"column":20},"end":{"line":8,"column":54}},"7":{"start":{"line":9,"column":2},"end":{"line":9,"column":22}},"8":{"start":{"line":12,"column":0},"end":{"line":24,"column":3}},"9":{"start":{"line":13,"column":20},"end":{"line":13,"column":38}},"10":{"start":{"line":14,"column":2},"end":{"line":14,"column":67}},"11":{"start":{"line":14,"column":13},"end":{"line":14,"column":67}},"12":{"start":{"line":16,"column":17},"end":{"line":20,"column":4}},"13":{"start":{"line":21,"column":2},"end":{"line":21,"column":35}},"14":{"start":{"line":23,"column":2},"end":{"line":23,"column":21}},"15":{"start":{"line":26,"column":0},"end":{"line":40,"column":3}},"16":{"start":{"line":27,"column":20},"end":{"line":27,"column":38}},"17":{"start":{"line":28,"column":2},"end":{"line":28,"column":67}},"18":{"start":{"line":28,"column":13},"end":{"line":28,"column":67}},"19":{"start":{"line":30,"column":19},"end":{"line":35,"column":21}},"20":{"start":{"line":37,"column":2},"end":{"line":37,"column":94}},"21":{"start":{"line":37,"column":17},"end":{"line":37,"column":94}},"22":{"start":{"line":39,"column":2},"end":{"line":39,"column":21}},"23":{"start":{"line":42,"column":0},"end":{"line":48,"column":3}},"24":{"start":{"line":43,"column":19},"end":{"line":43,"column":66}},"25":{"start":{"line":45,"column":2},"end":{"line":45,"column":94}},"26":{"start":{"line":45,"column":17},"end":{"line":45,"column":94}},"27":{"start":{"line":47,"column":2},"end":{"line":47,"column":21}},"28":{"start":{"line":50,"column":0},"end":{"line":56,"column":3}},"29":{"start":{"line":51,"column":19},"end":{"line":51,"column":57}},"30":{"start":{"line":53,"column":2},"end":{"line":53,"column":94}},"31":{"start":{"line":53,"column":17},"end":{"line":53,"column":94}},"32":{"start":{"line":55,"column":2},"end":{"line":55,"column":21}},"33":{"start":{"line":58,"column":0},"end":{"line":58,"column":24}}},"fnMap":{"0":{"name":"(anonymous_0)","decl":{"start":{"line":7,"column":16},"end":{"line":7,"column":17}},"loc":{"start":{"line":7,"column":36},"end":{"line":10,"column":1}},"line":7},"1":{"name":"(anonymous_1)","decl":{"start":{"line":12,"column":23},"end":{"line":12,"column":24}},"loc":{"start":{"line":12,"column":43},"end":{"line":24,"column":1}},"line":12},"2":{"name":"(anonymous_2)","decl":{"start":{"line":26,"column":19},"end":{"line":26,"column":20}},"loc":{"start":{"line":26,"column":39},"end":{"line":40,"column":1}},"line":26},"3":{"name":"(anonymous_3)","decl":{"start":{"line":42,"column":22},"end":{"line":42,"column":23}},"loc":{"start":{"line":42,"column":42},"end":{"line":48,"column":1}},"line":42},"4":{"name":"(anonymous_4)","decl":{"start":{"line":50,"column":19},"end":{"line":50,"column":20}},"loc":{"start":{"line":50,"column":39},"end":{"line":56,"column":1}},"line":50}},"branchMap":{"0":{"loc":{"start":{"line":14,"column":2},"end":{"line":14,"column":67}},"type":"if","locations":[{"start":{"line":14,"column":2},"end":{"line":14,"column":67}},{"start":{"line":14,"column":2},"end":{"line":14,"column":67}}],"line":14},"1":{"loc":{"start":{"line":28,"column":2},"end":{"line":28,"column":67}},"type":"if","locations":[{"start":{"line":28,"column":2},"end":{"line":28,"column":67}},{"start":{"line":28,"column":2},"end":{"line":28,"column":67}}],"line":28},"2":{"loc":{"start":{"line":37,"column":2},"end":{"line":37,"column":94}},"type":"if","locations":[{"start":{"line":37,"column":2},"end":{"line":37,"column":94}},{"start":{"line":37,"column":2},"end":{"line":37,"column":94}}],"line":37},"3":{"loc":{"start":{"line":45,"column":2},"end":{"line":45,"column":94}},"type":"if","locations":[{"start":{"line":45,"column":2},"end":{"line":45,"column":94}},{"start":{"line":45,"column":2},"end":{"line":45,"column":94}}],"line":45},"4":{"loc":{"start":{"line":53,"column":2},"end":{"line":53,"column":94}},"type":"if","locations":[{"start":{"line":53,"column":2},"end":{"line":53,"column":94}},{"start":{"line":53,"column":2},"end":{"line":53,"column":94}}],"line":53}},"s":{"0":2,"1":2,"2":2,"3":2,"4":2,"5":2,"6":0,"7":0,"8":2,"9":0,"10":0,"11":0,"12":0,"13":0,"14":0,"15":2,"16":0,"17":0,"18":0,"19":0,"20":0,"21":0,"22":0,"23":2,"24":0,"25":0,"26":0,"27":0,"28":2,"29":0,"30":0,"31":0,"32":0,"33":2},"f":{"0":0,"1":0,"2":0,"3":0,"4":0},"b":{"0":[0,0],"1":[0,0],"2":[0,0],"3":[0,0],"4":[0,0]},"_coverageSchema":"1a1c01bbd47fc00a2c39e90264f33305004495a9","hash":"8a46360d5e5bf50b0cec15404160efe27f4c405b"}
,"/home/wayne/Documents/node_scripts/vidly/routes/genres.js": {"path":"/home/wayne/Documents/node_scripts/vidly/routes/genres.js","statementMap":{"0":{"start":{"line":2,"column":25},"end":{"line":2,"column":66}},"1":{"start":{"line":3,"column":14},"end":{"line":3,"column":44}},"2":{"start":{"line":4,"column":13},"end":{"line":4,"column":42}},"3":{"start":{"line":5,"column":26},"end":{"line":5,"column":52}},"4":{"start":{"line":6,"column":17},"end":{"line":6,"column":36}},"5":{"start":{"line":7,"column":16},"end":{"line":7,"column":34}},"6":{"start":{"line":8,"column":15},"end":{"line":8,"column":31}},"7":{"start":{"line":13,"column":0},"end":{"line":17,"column":3}},"8":{"start":{"line":15,"column":17},"end":{"line":15,"column":48}},"9":{"start":{"line":16,"column":2},"end":{"line":16,"column":19}},"10":{"start":{"line":19,"column":0},"end":{"line":27,"column":3}},"11":{"start":{"line":20,"column":20},"end":{"line":20,"column":38}},"12":{"start":{"line":21,"column":2},"end":{"line":21,"column":67}},"13":{"start":{"line":21,"column":13},"end":{"line":21,"column":67}},"14":{"start":{"line":23,"column":16},"end":{"line":23,"column":50}},"15":{"start":{"line":24,"column":2},"end":{"line":24,"column":21}},"16":{"start":{"line":26,"column":2},"end":{"line":26,"column":18}},"17":{"start":{"line":29,"column":0},"end":{"line":40,"column":3}},"18":{"start":{"line":30,"column":20},"end":{"line":30,"column":38}},"19":{"start":{"line":31,"column":2},"end":{"line":31,"column":67}},"20":{"start":{"line":31,"column":13},"end":{"line":31,"column":67}},"21":{"start":{"line":33,"column":16},"end":{"line":35,"column":4}},"22":{"start":{"line":37,"column":2},"end":{"line":37,"column":88}},"23":{"start":{"line":37,"column":14},"end":{"line":37,"column":88}},"24":{"start":{"line":39,"column":2},"end":{"line":39,"column":18}},"25":{"start":{"line":42,"column":0},"end":{"line":48,"column":3}},"26":{"start":{"line":43,"column":16},"end":{"line":43,"column":60}},"27":{"start":{"line":45,"column":2},"end":{"line":45,"column":88}},"28":{"start":{"line":45,"column":14},"end":{"line":45,"column":88}},"29":{"start":{"line":47,"column":2},"end":{"line":47,"column":18}},"30":{"start":{"line":50,"column":0},"end":{"line":56,"column":3}},"31":{"start":{"line":51,"column":16},"end":{"line":51,"column":51}},"32":{"start":{"line":53,"column":2},"end":{"line":53,"column":88}},"33":{"start":{"line":53,"column":14},"end":{"line":53,"column":88}},"34":{"start":{"line":55,"column":2},"end":{"line":55,"column":18}},"35":{"start":{"line":58,"column":0},"end":{"line":58,"column":24}}},"fnMap":{"0":{"name":"(anonymous_0)","decl":{"start":{"line":13,"column":16},"end":{"line":13,"column":17}},"loc":{"start":{"line":13,"column":42},"end":{"line":17,"column":1}},"line":13},"1":{"name":"(anonymous_1)","decl":{"start":{"line":19,"column":22},"end":{"line":19,"column":23}},"loc":{"start":{"line":19,"column":42},"end":{"line":27,"column":1}},"line":19},"2":{"name":"(anonymous_2)","decl":{"start":{"line":29,"column":19},"end":{"line":29,"column":20}},"loc":{"start":{"line":29,"column":39},"end":{"line":40,"column":1}},"line":29},"3":{"name":"(anonymous_3)","decl":{"start":{"line":42,"column":36},"end":{"line":42,"column":37}},"loc":{"start":{"line":42,"column":56},"end":{"line":48,"column":1}},"line":42},"4":{"name":"(anonymous_4)","decl":{"start":{"line":50,"column":36},"end":{"line":50,"column":37}},"loc":{"start":{"line":50,"column":56},"end":{"line":56,"column":1}},"line":50}},"branchMap":{"0":{"loc":{"start":{"line":21,"column":2},"end":{"line":21,"column":67}},"type":"if","locations":[{"start":{"line":21,"column":2},"end":{"line":21,"column":67}},{"start":{"line":21,"column":2},"end":{"line":21,"column":67}}],"line":21},"1":{"loc":{"start":{"line":31,"column":2},"end":{"line":31,"column":67}},"type":"if","locations":[{"start":{"line":31,"column":2},"end":{"line":31,"column":67}},{"start":{"line":31,"column":2},"end":{"line":31,"column":67}}],"line":31},"2":{"loc":{"start":{"line":37,"column":2},"end":{"line":37,"column":88}},"type":"if","locations":[{"start":{"line":37,"column":2},"end":{"line":37,"column":88}},{"start":{"line":37,"column":2},"end":{"line":37,"column":88}}],"line":37},"3":{"loc":{"start":{"line":45,"column":2},"end":{"line":45,"column":88}},"type":"if","locations":[{"start":{"line":45,"column":2},"end":{"line":45,"column":88}},{"start":{"line":45,"column":2},"end":{"line":45,"column":88}}],"line":45},"4":{"loc":{"start":{"line":53,"column":2},"end":{"line":53,"column":88}},"type":"if","locations":[{"start":{"line":53,"column":2},"end":{"line":53,"column":88}},{"start":{"line":53,"column":2},"end":{"line":53,"column":88}}],"line":53}},"s":{"0":2,"1":2,"2":2,"3":2,"4":2,"5":2,"6":2,"7":2,"8":1,"9":1,"10":2,"11":4,"12":4,"13":2,"14":2,"15":2,"16":2,"17":2,"18":7,"19":7,"20":2,"21":5,"22":4,"23":1,"24":3,"25":2,"26":4,"27":3,"28":1,"29":2,"30":2,"31":2,"32":2,"33":1,"34":1,"35":2},"f":{"0":1,"1":4,"2":7,"3":4,"4":2},"b":{"0":[2,2],"1":[2,5],"2":[1,3],"3":[1,2],"4":[1,1]},"_coverageSchema":"1a1c01bbd47fc00a2c39e90264f33305004495a9","hash":"701f5745fe2d870d4389c30dfe16272aef74841d"}
,"/home/wayne/Documents/node_scripts/vidly/routes/movies.js": {"path":"/home/wayne/Documents/node_scripts/vidly/routes/movies.js","statementMap":{"0":{"start":{"line":1,"column":13},"end":{"line":1,"column":42}},"1":{"start":{"line":2,"column":26},"end":{"line":2,"column":52}},"2":{"start":{"line":3,"column":16},"end":{"line":3,"column":42}},"3":{"start":{"line":4,"column":17},"end":{"line":4,"column":36}},"4":{"start":{"line":5,"column":16},"end":{"line":5,"column":34}},"5":{"start":{"line":6,"column":15},"end":{"line":6,"column":31}},"6":{"start":{"line":8,"column":0},"end":{"line":11,"column":3}},"7":{"start":{"line":9,"column":17},"end":{"line":9,"column":48}},"8":{"start":{"line":10,"column":2},"end":{"line":10,"column":19}},"9":{"start":{"line":13,"column":0},"end":{"line":32,"column":3}},"10":{"start":{"line":14,"column":20},"end":{"line":14,"column":38}},"11":{"start":{"line":15,"column":2},"end":{"line":15,"column":67}},"12":{"start":{"line":15,"column":13},"end":{"line":15,"column":67}},"13":{"start":{"line":17,"column":16},"end":{"line":17,"column":54}},"14":{"start":{"line":18,"column":2},"end":{"line":18,"column":60}},"15":{"start":{"line":18,"column":14},"end":{"line":18,"column":60}},"16":{"start":{"line":20,"column":16},"end":{"line":28,"column":4}},"17":{"start":{"line":29,"column":2},"end":{"line":29,"column":21}},"18":{"start":{"line":31,"column":2},"end":{"line":31,"column":18}},"19":{"start":{"line":34,"column":0},"end":{"line":55,"column":3}},"20":{"start":{"line":35,"column":20},"end":{"line":35,"column":38}},"21":{"start":{"line":36,"column":2},"end":{"line":36,"column":67}},"22":{"start":{"line":36,"column":13},"end":{"line":36,"column":67}},"23":{"start":{"line":38,"column":16},"end":{"line":38,"column":54}},"24":{"start":{"line":39,"column":2},"end":{"line":39,"column":60}},"25":{"start":{"line":39,"column":14},"end":{"line":39,"column":60}},"26":{"start":{"line":41,"column":16},"end":{"line":50,"column":21}},"27":{"start":{"line":52,"column":2},"end":{"line":52,"column":88}},"28":{"start":{"line":52,"column":14},"end":{"line":52,"column":88}},"29":{"start":{"line":54,"column":2},"end":{"line":54,"column":18}},"30":{"start":{"line":57,"column":0},"end":{"line":63,"column":3}},"31":{"start":{"line":58,"column":16},"end":{"line":58,"column":60}},"32":{"start":{"line":60,"column":2},"end":{"line":60,"column":88}},"33":{"start":{"line":60,"column":14},"end":{"line":60,"column":88}},"34":{"start":{"line":62,"column":2},"end":{"line":62,"column":18}},"35":{"start":{"line":65,"column":0},"end":{"line":71,"column":3}},"36":{"start":{"line":66,"column":16},"end":{"line":66,"column":51}},"37":{"start":{"line":68,"column":2},"end":{"line":68,"column":88}},"38":{"start":{"line":68,"column":14},"end":{"line":68,"column":88}},"39":{"start":{"line":70,"column":2},"end":{"line":70,"column":18}},"40":{"start":{"line":73,"column":0},"end":{"line":73,"column":24}}},"fnMap":{"0":{"name":"(anonymous_0)","decl":{"start":{"line":8,"column":16},"end":{"line":8,"column":17}},"loc":{"start":{"line":8,"column":36},"end":{"line":11,"column":1}},"line":8},"1":{"name":"(anonymous_1)","decl":{"start":{"line":13,"column":23},"end":{"line":13,"column":24}},"loc":{"start":{"line":13,"column":43},"end":{"line":32,"column":1}},"line":13},"2":{"name":"(anonymous_2)","decl":{"start":{"line":34,"column":19},"end":{"line":34,"column":20}},"loc":{"start":{"line":34,"column":39},"end":{"line":55,"column":1}},"line":34},"3":{"name":"(anonymous_3)","decl":{"start":{"line":57,"column":22},"end":{"line":57,"column":23}},"loc":{"start":{"line":57,"column":42},"end":{"line":63,"column":1}},"line":57},"4":{"name":"(anonymous_4)","decl":{"start":{"line":65,"column":19},"end":{"line":65,"column":20}},"loc":{"start":{"line":65,"column":39},"end":{"line":71,"column":1}},"line":65}},"branchMap":{"0":{"loc":{"start":{"line":15,"column":2},"end":{"line":15,"column":67}},"type":"if","locations":[{"start":{"line":15,"column":2},"end":{"line":15,"column":67}},{"start":{"line":15,"column":2},"end":{"line":15,"column":67}}],"line":15},"1":{"loc":{"start":{"line":18,"column":2},"end":{"line":18,"column":60}},"type":"if","locations":[{"start":{"line":18,"column":2},"end":{"line":18,"column":60}},{"start":{"line":18,"column":2},"end":{"line":18,"column":60}}],"line":18},"2":{"loc":{"start":{"line":36,"column":2},"end":{"line":36,"column":67}},"type":"if","locations":[{"start":{"line":36,"column":2},"end":{"line":36,"column":67}},{"start":{"line":36,"column":2},"end":{"line":36,"column":67}}],"line":36},"3":{"loc":{"start":{"line":39,"column":2},"end":{"line":39,"column":60}},"type":"if","locations":[{"start":{"line":39,"column":2},"end":{"line":39,"column":60}},{"start":{"line":39,"column":2},"end":{"line":39,"column":60}}],"line":39},"4":{"loc":{"start":{"line":52,"column":2},"end":{"line":52,"column":88}},"type":"if","locations":[{"start":{"line":52,"column":2},"end":{"line":52,"column":88}},{"start":{"line":52,"column":2},"end":{"line":52,"column":88}}],"line":52},"5":{"loc":{"start":{"line":60,"column":2},"end":{"line":60,"column":88}},"type":"if","locations":[{"start":{"line":60,"column":2},"end":{"line":60,"column":88}},{"start":{"line":60,"column":2},"end":{"line":60,"column":88}}],"line":60},"6":{"loc":{"start":{"line":68,"column":2},"end":{"line":68,"column":88}},"type":"if","locations":[{"start":{"line":68,"column":2},"end":{"line":68,"column":88}},{"start":{"line":68,"column":2},"end":{"line":68,"column":88}}],"line":68}},"s":{"0":2,"1":2,"2":2,"3":2,"4":2,"5":2,"6":2,"7":0,"8":0,"9":2,"10":0,"11":0,"12":0,"13":0,"14":0,"15":0,"16":0,"17":0,"18":0,"19":2,"20":0,"21":0,"22":0,"23":0,"24":0,"25":0,"26":0,"27":0,"28":0,"29":0,"30":2,"31":0,"32":0,"33":0,"34":0,"35":2,"36":0,"37":0,"38":0,"39":0,"40":2},"f":{"0":0,"1":0,"2":0,"3":0,"4":0},"b":{"0":[0,0],"1":[0,0],"2":[0,0],"3":[0,0],"4":[0,0],"5":[0,0],"6":[0,0]},"_coverageSchema":"1a1c01bbd47fc00a2c39e90264f33305004495a9","hash":"9650d56715e97618a541c90f87bfea398933aa09"}
,"/home/wayne/Documents/node_scripts/vidly/routes/rentals.js": {"path":"/home/wayne/Documents/node_scripts/vidly/routes/rentals.js","statementMap":{"0":{"start":{"line":2,"column":13},"end":{"line":2,"column":42}},"1":{"start":{"line":3,"column":27},"end":{"line":3,"column":54}},"2":{"start":{"line":4,"column":16},"end":{"line":4,"column":42}},"3":{"start":{"line":5,"column":19},"end":{"line":5,"column":48}},"4":{"start":{"line":6,"column":17},"end":{"line":6,"column":36}},"5":{"start":{"line":7,"column":16},"end":{"line":7,"column":34}},"6":{"start":{"line":8,"column":13},"end":{"line":8,"column":28}},"7":{"start":{"line":9,"column":15},"end":{"line":9,"column":31}},"8":{"start":{"line":11,"column":0},"end":{"line":11,"column":20}},"9":{"start":{"line":13,"column":0},"end":{"line":16,"column":3}},"10":{"start":{"line":14,"column":18},"end":{"line":14,"column":54}},"11":{"start":{"line":15,"column":2},"end":{"line":15,"column":20}},"12":{"start":{"line":18,"column":0},"end":{"line":59,"column":3}},"13":{"start":{"line":19,"column":20},"end":{"line":19,"column":38}},"14":{"start":{"line":20,"column":2},"end":{"line":20,"column":67}},"15":{"start":{"line":20,"column":13},"end":{"line":20,"column":67}},"16":{"start":{"line":22,"column":2},"end":{"line":23,"column":52}},"17":{"start":{"line":23,"column":4},"end":{"line":23,"column":52}},"18":{"start":{"line":25,"column":19},"end":{"line":25,"column":63}},"19":{"start":{"line":26,"column":2},"end":{"line":26,"column":66}},"20":{"start":{"line":26,"column":17},"end":{"line":26,"column":66}},"21":{"start":{"line":28,"column":16},"end":{"line":28,"column":54}},"22":{"start":{"line":29,"column":2},"end":{"line":29,"column":60}},"23":{"start":{"line":29,"column":14},"end":{"line":29,"column":60}},"24":{"start":{"line":31,"column":2},"end":{"line":31,"column":84}},"25":{"start":{"line":31,"column":33},"end":{"line":31,"column":84}},"26":{"start":{"line":33,"column":15},"end":{"line":44,"column":4}},"27":{"start":{"line":46,"column":0},"end":{"line":57,"column":1}},"28":{"start":{"line":47,"column":2},"end":{"line":52,"column":8}},"29":{"start":{"line":53,"column":2},"end":{"line":53,"column":19}},"30":{"start":{"line":56,"column":2},"end":{"line":56,"column":43}},"31":{"start":{"line":61,"column":0},"end":{"line":67,"column":3}},"32":{"start":{"line":62,"column":17},"end":{"line":62,"column":53}},"33":{"start":{"line":64,"column":2},"end":{"line":64,"column":90}},"34":{"start":{"line":64,"column":15},"end":{"line":64,"column":90}},"35":{"start":{"line":66,"column":2},"end":{"line":66,"column":19}},"36":{"start":{"line":69,"column":0},"end":{"line":69,"column":24}}},"fnMap":{"0":{"name":"(anonymous_0)","decl":{"start":{"line":13,"column":16},"end":{"line":13,"column":17}},"loc":{"start":{"line":13,"column":36},"end":{"line":16,"column":1}},"line":13},"1":{"name":"(anonymous_1)","decl":{"start":{"line":18,"column":23},"end":{"line":18,"column":24}},"loc":{"start":{"line":18,"column":43},"end":{"line":59,"column":1}},"line":18},"2":{"name":"(anonymous_2)","decl":{"start":{"line":61,"column":19},"end":{"line":61,"column":20}},"loc":{"start":{"line":61,"column":39},"end":{"line":67,"column":1}},"line":61}},"branchMap":{"0":{"loc":{"start":{"line":20,"column":2},"end":{"line":20,"column":67}},"type":"if","locations":[{"start":{"line":20,"column":2},"end":{"line":20,"column":67}},{"start":{"line":20,"column":2},"end":{"line":20,"column":67}}],"line":20},"1":{"loc":{"start":{"line":22,"column":2},"end":{"line":23,"column":52}},"type":"if","locations":[{"start":{"line":22,"column":2},"end":{"line":23,"column":52}},{"start":{"line":22,"column":2},"end":{"line":23,"column":52}}],"line":22},"2":{"loc":{"start":{"line":26,"column":2},"end":{"line":26,"column":66}},"type":"if","locations":[{"start":{"line":26,"column":2},"end":{"line":26,"column":66}},{"start":{"line":26,"column":2},"end":{"line":26,"column":66}}],"line":26},"3":{"loc":{"start":{"line":29,"column":2},"end":{"line":29,"column":60}},"type":"if","locations":[{"start":{"line":29,"column":2},"end":{"line":29,"column":60}},{"start":{"line":29,"column":2},"end":{"line":29,"column":60}}],"line":29},"4":{"loc":{"start":{"line":31,"column":2},"end":{"line":31,"column":84}},"type":"if","locations":[{"start":{"line":31,"column":2},"end":{"line":31,"column":84}},{"start":{"line":31,"column":2},"end":{"line":31,"column":84}}],"line":31},"5":{"loc":{"start":{"line":64,"column":2},"end":{"line":64,"column":90}},"type":"if","locations":[{"start":{"line":64,"column":2},"end":{"line":64,"column":90}},{"start":{"line":64,"column":2},"end":{"line":64,"column":90}}],"line":64}},"s":{"0":2,"1":2,"2":2,"3":2,"4":2,"5":2,"6":2,"7":2,"8":2,"9":2,"10":0,"11":0,"12":2,"13":0,"14":0,"15":0,"16":0,"17":0,"18":0,"19":0,"20":0,"21":0,"22":0,"23":0,"24":0,"25":0,"26":0,"27":0,"28":0,"29":0,"30":0,"31":2,"32":0,"33":0,"34":0,"35":0,"36":2},"f":{"0":0,"1":0,"2":0},"b":{"0":[0,0],"1":[0,0],"2":[0,0],"3":[0,0],"4":[0,0],"5":[0,0]},"_coverageSchema":"1a1c01bbd47fc00a2c39e90264f33305004495a9","hash":"783f2f05c61be6e499eba5595bbddca66b2ce712"}
,"/home/wayne/Documents/node_scripts/vidly/routes/users.js": {"path":"/home/wayne/Documents/node_scripts/vidly/routes/users.js","statementMap":{"0":{"start":{"line":1,"column":13},"end":{"line":1,"column":42}},"1":{"start":{"line":2,"column":12},"end":{"line":2,"column":35}},"2":{"start":{"line":3,"column":15},"end":{"line":3,"column":32}},"3":{"start":{"line":4,"column":15},"end":{"line":4,"column":32}},"4":{"start":{"line":5,"column":10},"end":{"line":5,"column":27}},"5":{"start":{"line":6,"column":25},"end":{"line":6,"column":50}},"6":{"start":{"line":7,"column":17},"end":{"line":7,"column":36}},"7":{"start":{"line":8,"column":16},"end":{"line":8,"column":34}},"8":{"start":{"line":9,"column":15},"end":{"line":9,"column":31}},"9":{"start":{"line":12,"column":0},"end":{"line":15,"column":3}},"10":{"start":{"line":13,"column":15},"end":{"line":13,"column":68}},"11":{"start":{"line":14,"column":2},"end":{"line":14,"column":17}},"12":{"start":{"line":17,"column":0},"end":{"line":33,"column":3}},"13":{"start":{"line":18,"column":20},"end":{"line":18,"column":38}},"14":{"start":{"line":19,"column":2},"end":{"line":19,"column":67}},"15":{"start":{"line":19,"column":13},"end":{"line":19,"column":67}},"16":{"start":{"line":21,"column":13},"end":{"line":21,"column":58}},"17":{"start":{"line":22,"column":2},"end":{"line":22,"column":68}},"18":{"start":{"line":22,"column":12},"end":{"line":22,"column":68}},"19":{"start":{"line":24,"column":2},"end":{"line":24,"column":67}},"20":{"start":{"line":25,"column":15},"end":{"line":25,"column":39}},"21":{"start":{"line":26,"column":2},"end":{"line":26,"column":57}},"22":{"start":{"line":27,"column":2},"end":{"line":27,"column":20}},"23":{"start":{"line":31,"column":16},"end":{"line":31,"column":40}},"24":{"start":{"line":32,"column":2},"end":{"line":32,"column":81}},"25":{"start":{"line":35,"column":0},"end":{"line":35,"column":24}}},"fnMap":{"0":{"name":"(anonymous_0)","decl":{"start":{"line":12,"column":24},"end":{"line":12,"column":25}},"loc":{"start":{"line":12,"column":44},"end":{"line":15,"column":1}},"line":12},"1":{"name":"(anonymous_1)","decl":{"start":{"line":17,"column":17},"end":{"line":17,"column":18}},"loc":{"start":{"line":17,"column":37},"end":{"line":33,"column":1}},"line":17}},"branchMap":{"0":{"loc":{"start":{"line":19,"column":2},"end":{"line":19,"column":67}},"type":"if","locations":[{"start":{"line":19,"column":2},"end":{"line":19,"column":67}},{"start":{"line":19,"column":2},"end":{"line":19,"column":67}}],"line":19},"1":{"loc":{"start":{"line":22,"column":2},"end":{"line":22,"column":68}},"type":"if","locations":[{"start":{"line":22,"column":2},"end":{"line":22,"column":68}},{"start":{"line":22,"column":2},"end":{"line":22,"column":68}}],"line":22}},"s":{"0":2,"1":2,"2":2,"3":2,"4":2,"5":2,"6":2,"7":2,"8":2,"9":2,"10":0,"11":0,"12":2,"13":0,"14":0,"15":0,"16":0,"17":0,"18":0,"19":0,"20":0,"21":0,"22":0,"23":0,"24":0,"25":2},"f":{"0":0,"1":0},"b":{"0":[0,0],"1":[0,0]},"_coverageSchema":"1a1c01bbd47fc00a2c39e90264f33305004495a9","hash":"35c4a2a69dd19c4c755372a158dd9ab1126171c6"}
,"/home/wayne/Documents/node_scripts/vidly/startup/config.js": {"path":"/home/wayne/Documents/node_scripts/vidly/startup/config.js","statementMap":{"0":{"start":{"line":1,"column":15},"end":{"line":1,"column":32}},"1":{"start":{"line":3,"column":0},"end":{"line":7,"column":1}},"2":{"start":{"line":4,"column":2},"end":{"line":6,"column":3}},"3":{"start":{"line":5,"column":4},"end":{"line":5,"column":66}}},"fnMap":{"0":{"name":"(anonymous_0)","decl":{"start":{"line":3,"column":17},"end":{"line":3,"column":18}},"loc":{"start":{"line":3,"column":28},"end":{"line":7,"column":1}},"line":3}},"branchMap":{"0":{"loc":{"start":{"line":4,"column":2},"end":{"line":6,"column":3}},"type":"if","locations":[{"start":{"line":4,"column":2},"end":{"line":6,"column":3}},{"start":{"line":4,"column":2},"end":{"line":6,"column":3}}],"line":4}},"s":{"0":2,"1":2,"2":2,"3":0},"f":{"0":2},"b":{"0":[0,2]},"_coverageSchema":"1a1c01bbd47fc00a2c39e90264f33305004495a9","hash":"ec0311d3447e660c37fe56dcc2ffc5feef2bc71f"}
,"/home/wayne/Documents/node_scripts/vidly/startup/db.js": {"path":"/home/wayne/Documents/node_scripts/vidly/startup/db.js","statementMap":{"0":{"start":{"line":1,"column":16},"end":{"line":1,"column":34}},"1":{"start":{"line":2,"column":17},"end":{"line":2,"column":36}},"2":{"start":{"line":3,"column":15},"end":{"line":3,"column":32}},"3":{"start":{"line":5,"column":0},"end":{"line":9,"column":1}},"4":{"start":{"line":6,"column":13},"end":{"line":6,"column":29}},"5":{"start":{"line":7,"column":2},"end":{"line":8,"column":55}},"6":{"start":{"line":8,"column":16},"end":{"line":8,"column":53}}},"fnMap":{"0":{"name":"(anonymous_0)","decl":{"start":{"line":5,"column":17},"end":{"line":5,"column":18}},"loc":{"start":{"line":5,"column":28},"end":{"line":9,"column":1}},"line":5},"1":{"name":"(anonymous_1)","decl":{"start":{"line":8,"column":10},"end":{"line":8,"column":11}},"loc":{"start":{"line":8,"column":16},"end":{"line":8,"column":53}},"line":8}},"branchMap":{},"s":{"0":2,"1":2,"2":2,"3":2,"4":2,"5":2,"6":2},"f":{"0":2,"1":2},"b":{},"_coverageSchema":"1a1c01bbd47fc00a2c39e90264f33305004495a9","hash":"eb22eecd9e130a60bd7659f562f067675b1e4d31"}
,"/home/wayne/Documents/node_scripts/vidly/startup/logging.js": {"path":"/home/wayne/Documents/node_scripts/vidly/startup/logging.js","statementMap":{"0":{"start":{"line":1,"column":16},"end":{"line":1,"column":34}},"1":{"start":{"line":6,"column":0},"end":{"line":6,"column":32}},"2":{"start":{"line":8,"column":0},"end":{"line":21,"column":1}},"3":{"start":{"line":9,"column":2},"end":{"line":10,"column":73}},"4":{"start":{"line":12,"column":2},"end":{"line":14,"column":5}},"5":{"start":{"line":13,"column":3},"end":{"line":13,"column":12}}},"fnMap":{"0":{"name":"(anonymous_0)","decl":{"start":{"line":8,"column":17},"end":{"line":8,"column":18}},"loc":{"start":{"line":8,"column":28},"end":{"line":21,"column":1}},"line":8},"1":{"name":"(anonymous_1)","decl":{"start":{"line":12,"column":35},"end":{"line":12,"column":36}},"loc":{"start":{"line":12,"column":43},"end":{"line":14,"column":3}},"line":12}},"branchMap":{},"s":{"0":2,"1":2,"2":2,"3":2,"4":2,"5":0},"f":{"0":2,"1":0},"b":{},"_coverageSchema":"1a1c01bbd47fc00a2c39e90264f33305004495a9","hash":"4d80b3dbde6a1a7aec65f53b34622d356f943093"}
,"/home/wayne/Documents/node_scripts/vidly/startup/routes.js": {"path":"/home/wayne/Documents/node_scripts/vidly/startup/routes.js","statementMap":{"0":{"start":{"line":1,"column":16},"end":{"line":1,"column":34}},"1":{"start":{"line":2,"column":14},"end":{"line":2,"column":44}},"2":{"start":{"line":3,"column":15},"end":{"line":3,"column":42}},"3":{"start":{"line":4,"column":18},"end":{"line":4,"column":48}},"4":{"start":{"line":5,"column":15},"end":{"line":5,"column":42}},"5":{"start":{"line":6,"column":16},"end":{"line":6,"column":44}},"6":{"start":{"line":7,"column":14},"end":{"line":7,"column":40}},"7":{"start":{"line":8,"column":13},"end":{"line":8,"column":38}},"8":{"start":{"line":10,"column":0},"end":{"line":19,"column":1}},"9":{"start":{"line":11,"column":4},"end":{"line":11,"column":28}},"10":{"start":{"line":12,"column":4},"end":{"line":12,"column":35}},"11":{"start":{"line":13,"column":4},"end":{"line":13,"column":41}},"12":{"start":{"line":14,"column":4},"end":{"line":14,"column":35}},"13":{"start":{"line":15,"column":4},"end":{"line":15,"column":37}},"14":{"start":{"line":16,"column":4},"end":{"line":16,"column":33}},"15":{"start":{"line":17,"column":4},"end":{"line":17,"column":31}},"16":{"start":{"line":18,"column":4},"end":{"line":18,"column":19}}},"fnMap":{"0":{"name":"(anonymous_0)","decl":{"start":{"line":10,"column":17},"end":{"line":10,"column":18}},"loc":{"start":{"line":10,"column":32},"end":{"line":19,"column":1}},"line":10}},"branchMap":{},"s":{"0":2,"1":2,"2":2,"3":2,"4":2,"5":2,"6":2,"7":2,"8":2,"9":2,"10":2,"11":2,"12":2,"13":2,"14":2,"15":2,"16":2},"f":{"0":2},"b":{},"_coverageSchema":"1a1c01bbd47fc00a2c39e90264f33305004495a9","hash":"7752700fd076193806188af740281e3d563a96cc"}
,"/home/wayne/Documents/node_scripts/vidly/startup/validation.js": {"path":"/home/wayne/Documents/node_scripts/vidly/startup/validation.js","statementMap":{"0":{"start":{"line":1,"column":12},"end":{"line":1,"column":26}},"1":{"start":{"line":3,"column":0},"end":{"line":5,"column":1}},"2":{"start":{"line":4,"column":2},"end":{"line":4,"column":46}}},"fnMap":{"0":{"name":"(anonymous_0)","decl":{"start":{"line":3,"column":17},"end":{"line":3,"column":18}},"loc":{"start":{"line":3,"column":28},"end":{"line":5,"column":1}},"line":3}},"branchMap":{},"s":{"0":2,"1":2,"2":2},"f":{"0":2},"b":{},"_coverageSchema":"1a1c01bbd47fc00a2c39e90264f33305004495a9","hash":"a4cbe1947dbfbf83156f36d2543261ae24568d5b"}
}
